#
# There is insufficient memory for the Java Runtime Environment to continue.
# Native memory allocation (malloc) failed to allocate 1048576 bytes. Error detail: AllocateHeap
# Possible reasons:
#   The system is out of physical RAM or swap space
#   This process is running with CompressedOops enabled, and the Java Heap may be blocking the growth of the native heap
# Possible solutions:
#   Reduce memory load on the system
#   Increase physical memory or swap space
#   Check if swap backing store is full
#   Decrease Java heap size (-Xmx/-Xms)
#   Decrease number of Java threads
#   Decrease Java thread stack sizes (-Xss)
#   Set larger code cache with -XX:ReservedCodeCacheSize=
#   JVM is running with Unscaled Compressed Oops mode in which the Java heap is
#     placed in the first 4GB address space. The Java Heap base address is the
#     maximum limit for the native heap growth. Please use -XX:HeapBaseMinAddress
#     to set the Java Heap base and to place the Java Heap above 4GB virtual address.
# This output file may be truncated or incomplete.
#
#  Out of Memory Error (allocation.cpp:44), pid=756, tid=12948
#
# JRE version:  (17.0.11+9) (build )
# Java VM: OpenJDK 64-Bit Server VM (17.0.11+9, mixed mode, tiered, compressed oops, compressed class ptrs, parallel gc, windows-amd64)
# No core dump will be written. Minidumps are not enabled by default on client versions of Windows
#

---------------  S U M M A R Y ------------

Command Line: --add-modules=ALL-SYSTEM --add-opens=java.base/java.util=ALL-UNNAMED --add-opens=java.base/java.lang=ALL-UNNAMED --add-opens=java.base/sun.nio.fs=ALL-UNNAMED -Declipse.application=org.eclipse.jdt.ls.core.id1 -Dosgi.bundles.defaultStartLevel=4 -Declipse.product=org.eclipse.jdt.ls.core.product -Djava.import.generatesMetadataFilesAtProjectRoot=false -DDetectVMInstallationsJob.disabled=true -Dfile.encoding=utf8 -XX:+UseParallelGC -XX:GCTimeRatio=4 -XX:AdaptiveSizePolicyWeight=90 -Dsun.zip.disableMemoryMapping=true -Xmx1G -Xms100m -Xlog:disable -javaagent:c:\Users\hp\.vscode\extensions\redhat.java-1.33.0-win32-x64\lombok\lombok-1.18.33.jar c:\Users\hp\.vscode\extensions\redhat.java-1.33.0-win32-x64\server\plugins\org.eclipse.equinox.launcher_1.6.900.v20240613-2009.jar -configuration c:\Users\hp\AppData\Roaming\Code\User\globalStorage\redhat.java\1.33.0\config_ss_win -data c:\Users\hp\AppData\Roaming\Code\User\workspaceStorage\c597327604b177ab0a58aafdc4d63a45\redhat.java\ss_ws --pipe=\\.\pipe\lsp-54e920d87d2037884691517afdbbdd7a-sock

Host: Intel(R) Core(TM) i5-7200U CPU @ 2.50GHz, 4 cores, 7G,  Windows 11 , 64 bit Build 22621 (10.0.22621.2428)
Time: Tue Aug 27 08:24:07 2024 Afrique de l, 64 bit Build 22621 (10.0.22621.2428) elapsed time: 0.079262 seconds (0d 0h 0m 0s)

---------------  T H R E A D  ---------------

Current thread (0x00000284d24cbf30):  JavaThread "Unknown thread" [_thread_in_vm, id=12948, stack(0x000000f590700000,0x000000f590800000)]

Stack: [0x000000f590700000,0x000000f590800000]
Native frames: (J=compiled Java code, j=interpreted, Vv=VM code, C=native code)
V  [jvm.dll+0x67d429]
V  [jvm.dll+0x834b7a]
V  [jvm.dll+0x83663e]
V  [jvm.dll+0x836ca3]
V  [jvm.dll+0x247dbf]
V  [jvm.dll+0xa6cb3]
V  [jvm.dll+0x6b0076]
V  [jvm.dll+0x6b0c4f]
V  [jvm.dll+0x689b53]
V  [jvm.dll+0x806c4b]
V  [jvm.dll+0x36c5e4]
V  [jvm.dll+0x7e4f56]
V  [jvm.dll+0x3efdcf]
V  [jvm.dll+0x3f1921]
C  [jli.dll+0x528f]
C  [ucrtbase.dll+0x29363]
C  [KERNEL32.DLL+0x1257d]
C  [ntdll.dll+0x5aa78]


---------------  P R O C E S S  ---------------

Threads class SMR info:
_java_thread_list=0x00007ffe6b5feed8, length=0, elements={
}

Java Threads: ( => current thread )

Other Threads:
  0x00000284d24df1f0 GCTaskThread "GC Thread#0" [stack: 0x000000f590900000,0x000000f590a00000] [id=2900]

=>0x00000284d24cbf30 (exited) JavaThread "Unknown thread" [_thread_in_vm, id=12948, stack(0x000000f590700000,0x000000f590800000)]

Threads with active compile tasks:

VM state: not at safepoint (normal execution)

VM Mutex/Monitor currently owned by a thread: None

Heap address: 0x00000000c0000000, size: 1024 MB, Compressed Oops mode: 32-bit

CDS archive(s) not mapped
Compressed class space mapped at: 0x0000000100000000-0x0000000140000000, reserved size: 1073741824
Narrow klass base: 0x0000000000000000, Narrow klass shift: 3, Narrow klass range: 0x140000000

GC Precious Log:
 CPUs: 4 total, 4 available
 Memory: 8087M
 Large Page Support: Disabled
 NUMA Support: Disabled
 Compressed Oops: Enabled (32-bit)
 Alignments: Space 512K, Generation 512K, Heap 2M
 Heap Min Capacity: 100M
 Heap Initial Capacity: 100M
 Heap Max Capacity: 1G
 Pre-touch: Disabled
 Parallel Workers: 4

Heap:
 PSYoungGen      total 29696K, used 512K [0x00000000eab00000, 0x00000000ecc00000, 0x0000000100000000)
  eden space 25600K, 2% used [0x00000000eab00000,0x00000000eab80070,0x00000000ec400000)
  from space 4096K, 0% used [0x00000000ec800000,0x00000000ec800000,0x00000000ecc00000)
  to   space 4096K, 0% used [0x00000000ec400000,0x00000000ec400000,0x00000000ec800000)
 ParOldGen       total 68608K, used 0K [0x00000000c0000000, 0x00000000c4300000, 0x00000000eab00000)
  object space 68608K, 0% used [0x00000000c0000000,0x00000000c0000000,0x00000000c4300000)
 Metaspace       used 1149K, committed 1216K, reserved 1114112K
  class space    used 101K, committed 128K, reserved 1048576K

Card table byte_map: [0x00000284d1e80000,0x00000284d2090000] _byte_map_base: 0x00000284d1880000

Marking Bits: (ParMarkBitMap*) 0x00007ffe6b66d820
 Begin Bits: [0x00000284e4160000, 0x00000284e5160000)
 End Bits:   [0x00000284e5160000, 0x00000284e6160000)

Polling page: 0x00000284d0650000

Metaspace:

Usage:
  Non-class:      1.02 MB used.
      Class:    101.05 KB used.
       Both:      1.12 MB used.

Virtual space:
  Non-class space:       64.00 MB reserved,       1.06 MB (  2%) committed,  1 nodes.
      Class space:        1.00 GB reserved,     128.00 KB ( <1%) committed,  1 nodes.
             Both:        1.06 GB reserved,       1.19 MB ( <1%) committed. 

Chunk freelists:
   Non-Class:  12.00 MB
       Class:  15.75 MB
        Both:  27.75 MB

MaxMetaspaceSize: unlimited
CompressedClassSpaceSize: 1.00 GB
Initial GC threshold: 21.00 MB
Current GC threshold: 17179869184.00 GB
CDS: off
MetaspaceReclaimPolicy: balanced
 - commit_granule_bytes: 65536.
 - commit_granule_words: 8192.
 - virtual_space_node_default_size: 8388608.
 - enlarge_chunks_in_place: 1.
 - new_chunks_are_fully_committed: 0.
 - uncommit_free_chunks: 1.
 - use_allocation_guard: 0.
 - handle_deallocations: 1.


Internal statistics:

num_allocs_failed_limit: 0.
num_arena_births: 2.
num_arena_deaths: 0.
num_vsnodes_births: 2.
num_vsnodes_deaths: 0.
num_space_committed: 19.
num_space_uncommitted: 0.
num_chunks_returned_to_freelist: 0.
num_chunks_taken_from_freelist: 3.
num_chunk_merges: 0.
num_chunk_splits: 2.
num_chunks_enlarged: 0.
num_inconsistent_stats: 0.

CodeHeap 'non-profiled nmethods': size=120000Kb used=0Kb max_used=0Kb free=120000Kb
 bounds [0x00000284dcc30000, 0x00000284dcea0000, 0x00000284e4160000]
CodeHeap 'profiled nmethods': size=120000Kb used=0Kb max_used=0Kb free=120000Kb
 bounds [0x00000284d5160000, 0x00000284d53d0000, 0x00000284dc690000]
CodeHeap 'non-nmethods': size=5760Kb used=202Kb max_used=353Kb free=5557Kb
 bounds [0x00000284dc690000, 0x00000284dc900000, 0x00000284dcc30000]
 total_blobs=66 nmethods=0 adapters=47
 compilation: enabled
              stopped_count=0, restarted_count=0
 full_count=0

Compilation events (0 events):
No events

GC Heap History (0 events):
No events

Dll operation events (1 events):
Event: 0.024 Loaded shared library c:\Users\hp\.vscode\extensions\redhat.java-1.33.0-win32-x64\jre\17.0.11-win32-x86_64\bin\java.dll

Deoptimization events (0 events):
No events

Classes unloaded (0 events):
No events

Classes redefined (0 events):
No events

Internal exceptions (0 events):
No events

VM Operations (0 events):
No events

Events (20 events):
Event: 0.062 loading class java/lang/Long
Event: 0.064 loading class java/lang/Long done
Event: 0.064 loading class java/util/Iterator
Event: 0.065 loading class java/util/Iterator done
Event: 0.065 loading class java/lang/reflect/RecordComponent
Event: 0.065 loading class java/lang/reflect/RecordComponent done
Event: 0.065 loading class jdk/internal/vm/vector/VectorSupport
Event: 0.065 loading class jdk/internal/vm/vector/VectorSupport done
Event: 0.065 loading class jdk/internal/vm/vector/VectorSupport$VectorPayload
Event: 0.065 loading class jdk/internal/vm/vector/VectorSupport$VectorPayload done
Event: 0.065 loading class jdk/internal/vm/vector/VectorSupport$Vector
Event: 0.066 loading class jdk/internal/vm/vector/VectorSupport$Vector done
Event: 0.066 loading class jdk/internal/vm/vector/VectorSupport$VectorMask
Event: 0.066 loading class jdk/internal/vm/vector/VectorSupport$VectorMask done
Event: 0.066 loading class jdk/internal/vm/vector/VectorSupport$VectorShuffle
Event: 0.066 loading class jdk/internal/vm/vector/VectorSupport$VectorShuffle done
Event: 0.068 loading class java/lang/NullPointerException
Event: 0.069 loading class java/lang/NullPointerException done
Event: 0.069 loading class java/lang/ArithmeticException
Event: 0.069 loading class java/lang/ArithmeticException done


Dynamic libraries:
0x00007ff694930000 - 0x00007ff69493e000 	c:\Users\hp\.vscode\extensions\redhat.java-1.33.0-win32-x64\jre\17.0.11-win32-x86_64\bin\java.exe
0x00007ffeb9b70000 - 0x00007ffeb9d87000 	C:\Windows\SYSTEM32\ntdll.dll
0x00007ffeb8230000 - 0x00007ffeb82f4000 	C:\Windows\System32\KERNEL32.DLL
0x00007ffeb7520000 - 0x00007ffeb78c6000 	C:\Windows\System32\KERNELBASE.dll
0x00007ffeb7090000 - 0x00007ffeb71a1000 	C:\Windows\System32\ucrtbase.dll
0x00007ffea4ec0000 - 0x00007ffea4ed7000 	c:\Users\hp\.vscode\extensions\redhat.java-1.33.0-win32-x64\jre\17.0.11-win32-x86_64\bin\jli.dll
0x00007ffeb9980000 - 0x00007ffeb9b2d000 	C:\Windows\System32\USER32.dll
0x00007ffeb7060000 - 0x00007ffeb7086000 	C:\Windows\System32\win32u.dll
0x00007ffeb8660000 - 0x00007ffeb8689000 	C:\Windows\System32\GDI32.dll
0x00007ffeb7270000 - 0x00007ffeb7388000 	C:\Windows\System32\gdi32full.dll
0x00007ffeb7480000 - 0x00007ffeb751a000 	C:\Windows\System32\msvcp_win.dll
0x00007ffea4c80000 - 0x00007ffea4c9b000 	c:\Users\hp\.vscode\extensions\redhat.java-1.33.0-win32-x64\jre\17.0.11-win32-x86_64\bin\VCRUNTIME140.dll
0x00007ffea0cd0000 - 0x00007ffea0f63000 	C:\Windows\WinSxS\amd64_microsoft.windows.common-controls_6595b64144ccf1df_6.0.22621.2361_none_2712ced57382f843\COMCTL32.dll
0x00007ffeb7de0000 - 0x00007ffeb7e87000 	C:\Windows\System32\msvcrt.dll
0x00007ffeb83c0000 - 0x00007ffeb83f1000 	C:\Windows\System32\IMM32.DLL
0x00007ffeb1370000 - 0x00007ffeb137c000 	c:\Users\hp\.vscode\extensions\redhat.java-1.33.0-win32-x64\jre\17.0.11-win32-x86_64\bin\vcruntime140_1.dll
0x00007ffe7aad0000 - 0x00007ffe7ab5d000 	c:\Users\hp\.vscode\extensions\redhat.java-1.33.0-win32-x64\jre\17.0.11-win32-x86_64\bin\msvcp140.dll
0x00007ffe6aad0000 - 0x00007ffe6b732000 	c:\Users\hp\.vscode\extensions\redhat.java-1.33.0-win32-x64\jre\17.0.11-win32-x86_64\bin\server\jvm.dll
0x00007ffeb8310000 - 0x00007ffeb83c0000 	C:\Windows\System32\ADVAPI32.dll
0x00007ffeb7ba0000 - 0x00007ffeb7c46000 	C:\Windows\System32\sechost.dll
0x00007ffeb9860000 - 0x00007ffeb9977000 	C:\Windows\System32\RPCRT4.dll
0x00007ffeb6dc0000 - 0x00007ffeb6e0d000 	C:\Windows\SYSTEM32\POWRPROF.dll
0x00007ffeb0de0000 - 0x00007ffeb0de9000 	C:\Windows\SYSTEM32\WSOCK32.dll
0x00007ffeb8a90000 - 0x00007ffeb8b01000 	C:\Windows\System32\WS2_32.dll
0x00007ffeb02d0000 - 0x00007ffeb0304000 	C:\Windows\SYSTEM32\WINMM.dll
0x00007ffeb0a80000 - 0x00007ffeb0a8a000 	C:\Windows\SYSTEM32\VERSION.dll
0x00007ffeb6da0000 - 0x00007ffeb6db3000 	C:\Windows\SYSTEM32\UMPDC.dll
0x00007ffeb5e90000 - 0x00007ffeb5ea8000 	C:\Windows\SYSTEM32\kernel.appcore.dll
0x00007ffeadb10000 - 0x00007ffeadb1a000 	c:\Users\hp\.vscode\extensions\redhat.java-1.33.0-win32-x64\jre\17.0.11-win32-x86_64\bin\jimage.dll
0x00007ffeb4790000 - 0x00007ffeb49be000 	C:\Windows\SYSTEM32\DBGHELP.DLL
0x00007ffeb8700000 - 0x00007ffeb8a8a000 	C:\Windows\System32\combase.dll
0x00007ffeb7d00000 - 0x00007ffeb7dd7000 	C:\Windows\System32\OLEAUT32.dll
0x00007ffe9e350000 - 0x00007ffe9e382000 	C:\Windows\SYSTEM32\dbgcore.DLL
0x00007ffeb7400000 - 0x00007ffeb747a000 	C:\Windows\System32\bcryptPrimitives.dll
0x00007ffea4f50000 - 0x00007ffea4f5e000 	c:\Users\hp\.vscode\extensions\redhat.java-1.33.0-win32-x64\jre\17.0.11-win32-x86_64\bin\instrument.dll
0x00007ffe9e6d0000 - 0x00007ffe9e6f5000 	c:\Users\hp\.vscode\extensions\redhat.java-1.33.0-win32-x64\jre\17.0.11-win32-x86_64\bin\java.dll
0x00007ffea44e0000 - 0x00007ffea44f8000 	c:\Users\hp\.vscode\extensions\redhat.java-1.33.0-win32-x64\jre\17.0.11-win32-x86_64\bin\zip.dll

dbghelp: loaded successfully - version: 4.0.5 - missing functions: none
symbol engine: initialized successfully - sym options: 0x614 - pdb path: .;c:\Users\hp\.vscode\extensions\redhat.java-1.33.0-win32-x64\jre\17.0.11-win32-x86_64\bin;C:\Windows\SYSTEM32;C:\Windows\WinSxS\amd64_microsoft.windows.common-controls_6595b64144ccf1df_6.0.22621.2361_none_2712ced57382f843;c:\Users\hp\.vscode\extensions\redhat.java-1.33.0-win32-x64\jre\17.0.11-win32-x86_64\bin\server

VM Arguments:
jvm_args: --add-modules=ALL-SYSTEM --add-opens=java.base/java.util=ALL-UNNAMED --add-opens=java.base/java.lang=ALL-UNNAMED --add-opens=java.base/sun.nio.fs=ALL-UNNAMED -Declipse.application=org.eclipse.jdt.ls.core.id1 -Dosgi.bundles.defaultStartLevel=4 -Declipse.product=org.eclipse.jdt.ls.core.product -Djava.import.generatesMetadataFilesAtProjectRoot=false -DDetectVMInstallationsJob.disabled=true -Dfile.encoding=utf8 -XX:+UseParallelGC -XX:GCTimeRatio=4 -XX:AdaptiveSizePolicyWeight=90 -Dsun.zip.disableMemoryMapping=true -Xmx1G -Xms100m -Xlog:disable -javaagent:c:\Users\hp\.vscode\extensions\redhat.java-1.33.0-win32-x64\lombok\lombok-1.18.33.jar 
java_command: c:\Users\hp\.vscode\extensions\redhat.java-1.33.0-win32-x64\server\plugins\org.eclipse.equinox.launcher_1.6.900.v20240613-2009.jar -configuration c:\Users\hp\AppData\Roaming\Code\User\globalStorage\redhat.java\1.33.0\config_ss_win -data c:\Users\hp\AppData\Roaming\Code\User\workspaceStorage\c597327604b177ab0a58aafdc4d63a45\redhat.java\ss_ws --pipe=\\.\pipe\lsp-54e920d87d2037884691517afdbbdd7a-sock
java_class_path (initial): c:\Users\hp\.vscode\extensions\redhat.java-1.33.0-win32-x64\server\plugins\org.eclipse.equinox.launcher_1.6.900.v20240613-2009.jar
Launcher Type: SUN_STANDARD

[Global flags]
    uintx AdaptiveSizePolicyWeight                 = 90                                        {product} {command line}
     intx CICompilerCount                          = 3                                         {product} {ergonomic}
    uintx GCTimeRatio                              = 4                                         {product} {command line}
   size_t InitialHeapSize                          = 104857600                                 {product} {command line}
   size_t MaxHeapSize                              = 1073741824                                {product} {command line}
   size_t MaxNewSize                               = 357564416                                 {product} {ergonomic}
   size_t MinHeapDeltaBytes                        = 524288                                    {product} {ergonomic}
   size_t MinHeapSize                              = 104857600                                 {product} {command line}
   size_t NewSize                                  = 34603008                                  {product} {ergonomic}
    uintx NonNMethodCodeHeapSize                   = 5832780                                {pd product} {ergonomic}
    uintx NonProfiledCodeHeapSize                  = 122912730                              {pd product} {ergonomic}
   size_t OldSize                                  = 70254592                                  {product} {ergonomic}
    uintx ProfiledCodeHeapSize                     = 122912730                              {pd product} {ergonomic}
    uintx ReservedCodeCacheSize                    = 251658240                              {pd product} {ergonomic}
     bool SegmentedCodeCache                       = true                                      {product} {ergonomic}
   size_t SoftMaxHeapSize                          = 1073741824                             {manageable} {ergonomic}
     bool UseCompressedClassPointers               = true                           {product lp64_product} {ergonomic}
     bool UseCompressedOops                        = true                           {product lp64_product} {ergonomic}
     bool UseLargePagesIndividualAllocation        = false                                  {pd product} {ergonomic}
     bool UseParallelGC                            = true                                      {product} {command line}

Logging:
Log output configuration:
 #0: stdout all=off uptime,level,tags
 #1: stderr all=off uptime,level,tags

Environment Variables:
JAVA_HOME=C:\Program Files\Java\jdk-22.0.1
PATH=C:\Program Files (x86)\VMware\VMware Workstation\bin\;C:\Windows\system32;C:\Windows;C:\Windows\System32\Wbem;C:\Windows\System32\WindowsPowerShell\v1.0\;C:\Windows\System32\OpenSSH\;C:\Program Files\Git\cmd;C:\Program Files\nodejs\;C:\Program Files\Docker\Docker\resources\bin;C:\Users\hp\AppData\Local\Programs\Python\Python312\Scripts\;C:\Users\hp\AppData\Local\Programs\Python\Python312\;C:\Users\hp\AppData\Local\Microsoft\WindowsApps;C:\Program Files\Java\jdk-22.0.1\bin;C:\Users\hp\AppData\Local\Programs\Microsoft VS Code\bin;C:\Users\hp\AppData\Local\GitHubDesktop\bin;C:\Users\hp\AppData\Roaming\npm;
USERNAME=hp
OS=Windows_NT
PROCESSOR_IDENTIFIER=Intel64 Family 6 Model 142 Stepping 9, GenuineIntel
TMP=C:\Users\hp\AppData\Local\Temp
TEMP=C:\Users\hp\AppData\Local\Temp



Periodic native trim disabled


---------------  S Y S T E M  ---------------

OS:
 Windows 11 , 64 bit Build 22621 (10.0.22621.2428)
OS uptime: 7 days 20:22 hours
Hyper-V role detected

CPU: total 4 (initial active 4) (2 cores per cpu, 2 threads per core) family 6 model 142 stepping 9 microcode 0xde, cx8, cmov, fxsr, ht, mmx, 3dnowpref, sse, sse2, sse3, ssse3, sse4.1, sse4.2, popcnt, lzcnt, tsc, tscinvbit, avx, avx2, aes, erms, clmul, bmi1, bmi2, adx, fma, vzeroupper, clflush, clflushopt, hv
Processor Information for processor 0
  Max Mhz: 2712, Current Mhz: 2511, Mhz Limit: 2495
Processor Information for processor 1
  Max Mhz: 2712, Current Mhz: 1506, Mhz Limit: 2495
Processor Information for processor 2
  Max Mhz: 2712, Current Mhz: 2511, Mhz Limit: 2495
Processor Information for processor 3
  Max Mhz: 2712, Current Mhz: 1506, Mhz Limit: 2495

Memory: 4k page, system-wide physical 8087M (676M free)
TotalPageFile size 18500M (AvailPageFile size 6M)
current process WorkingSet (physical memory assigned to process): 17M, peak: 17M
current process commit charge ("private bytes"): 151M, peak: 152M

vm_info: OpenJDK 64-Bit Server VM (17.0.11+9) for windows-amd64 JRE (17.0.11+9), built on Apr 17 2024 06:07:48 by "admin" with MS VC++ 16.10 / 16.11 (VS2019)

END.
